#
# There is insufficient memory for the Java Runtime Environment to continue.
# Native memory allocation (mmap) failed to map 167772160 bytes. Error detail: G1 virtual space
# Possible reasons:
#   The system is out of physical RAM or swap space
#   This process is running with CompressedOops enabled, and the Java Heap may be blocking the growth of the native heap
# Possible solutions:
#   Reduce memory load on the system
#   Increase physical memory or swap space
#   Check if swap backing store is full
#   Decrease Java heap size (-Xmx/-Xms)
#   Decrease number of Java threads
#   Decrease Java thread stack sizes (-Xss)
#   Set larger code cache with -XX:ReservedCodeCacheSize=
#   JVM is running with Zero Based Compressed Oops mode in which the Java heap is
#     placed in the first 32GB address space. The Java Heap base address is the
#     maximum limit for the native heap growth. Please use -XX:HeapBaseMinAddress
#     to set the Java Heap base and to place the Java Heap above 32GB virtual address.
# This output file may be truncated or incomplete.
#
#  Out of Memory Error (os_windows.cpp:3825), pid=21328, tid=12920
#
# JRE version:  (17.0.11) (build )
# Java VM: OpenJDK 64-Bit Server VM (17.0.11+0--11852314, mixed mode, sharing, tiered, compressed oops, compressed class ptrs, g1 gc, windows-amd64)
# No core dump will be written. Minidumps are not enabled by default on client versions of Windows
#

---------------  S U M M A R Y ------------

Command Line: git4idea.http.GitAskPassApp Username for 'https://github.com': 

Host: AMD Ryzen 5 3500U with Radeon Vega Mobile Gfx  , 8 cores, 9G,  Windows 11 , 64 bit Build 22621 (10.0.22621.3958)
Time: Wed Nov 13 21:11:15 2024 Hora est. Pacífico, Sudamérica elapsed time: 0.122601 seconds (0d 0h 0m 0s)

---------------  T H R E A D  ---------------

Current thread (0x000002083d32ca00):  JavaThread "Unknown thread" [_thread_in_vm, id=12920, stack(0x000000bb05400000,0x000000bb05500000)]

Stack: [0x000000bb05400000,0x000000bb05500000]
Native frames: (J=compiled Java code, j=interpreted, Vv=VM code, C=native code)
V  [jvm.dll+0x687bb9]
V  [jvm.dll+0x84142a]
V  [jvm.dll+0x8430ae]
V  [jvm.dll+0x843713]
V  [jvm.dll+0x24a35f]
V  [jvm.dll+0x684989]
V  [jvm.dll+0x67923a]
V  [jvm.dll+0x30af0b]
V  [jvm.dll+0x3123b6]
V  [jvm.dll+0x361dfe]
V  [jvm.dll+0x36202f]
V  [jvm.dll+0x2e0d38]
V  [jvm.dll+0x2e1ca4]
V  [jvm.dll+0x811f21]
V  [jvm.dll+0x36fb68]
V  [jvm.dll+0x7f0896]
V  [jvm.dll+0x3f3d2f]
V  [jvm.dll+0x3f58e1]
C  [jli.dll+0x528f]
C  [ucrtbase.dll+0x29333]
C  [KERNEL32.DLL+0x1257d]
C  [ntdll.dll+0x5af08]


---------------  P R O C E S S  ---------------

Threads class SMR info:
_java_thread_list=0x00007ffd9515efd8, length=0, elements={
}

Java Threads: ( => current thread )

Other Threads:
  0x000002083d37b080 GCTaskThread "GC Thread#0" [stack: 0x000000bb05500000,0x000000bb05600000] [id=11200]
  0x000002083d3863f0 ConcurrentGCThread "G1 Main Marker" [stack: 0x000000bb05600000,0x000000bb05700000] [id=9188]
  0x000002083d3875b0 ConcurrentGCThread "G1 Conc#0" [stack: 0x000000bb05700000,0x000000bb05800000] [id=5584]

[error occurred during error reporting (printing all threads), id 0xc0000005, EXCEPTION_ACCESS_VIOLATION (0xc0000005) at pc=0x00007ffd94911907]

VM state: not at safepoint (not fully initialized)

VM Mutex/Monitor currently owned by a thread:  ([mutex/lock_event])
[0x000002083d327180] Heap_lock - owner thread: 0x000002083d32ca00

Heap address: 0x0000000761e00000, size: 2530 MB, Compressed Oops mode: Zero based, Oop shift amount: 3

CDS archive(s) mapped at: [0x0000000000000000-0x0000000000000000-0x0000000000000000), size 0, SharedBaseAddress: 0x0000000800000000, ArchiveRelocationMode: 1.
Narrow klass base: 0x0000000000000000, Narrow klass shift: 0, Narrow klass range: 0x0

GC Precious Log:
<Empty>

Heap:
 garbage-first heap   total 0K, used 0K [0x0000000761e00000, 0x0000000800000000)
  region size 2048K, 0 young (0K), 0 survivors (0K)
 Metaspace       used 0K, committed 0K, reserved 0K
  class space    used 0K, committed 0K, reserved 0K

Heap Regions: E=young(eden), S=young(survivor), O=old, HS=humongous(starts), HC=humongous(continues), CS=collection set, F=free, OA=open archive, CA=closed archive, TAMS=top-at-mark-start (previous, next)

Card table byte_map: [0x0000020851f40000,0x0000020852440000] _byte_map_base: 0x000002084e431000

Marking Bits (Prev, Next): (CMBitMap*) 0x000002083d37b6a0, (CMBitMap*) 0x000002083d37b6e0
 Prev Bits: [0x0000020852940000, 0x00000208550c8000)
 Next Bits: [0x00000208550d0000, 0x0000020857858000)

GC Heap History (0 events):
No events

Dll operation events (1 events):
Event: 0.087 Loaded shared library D:\Android Studio\jbr\bin\java.dll

Deoptimization events (0 events):
No events

Classes unloaded (0 events):
No events

Classes redefined (0 events):
No events

Internal exceptions (0 events):
No events

VM Operations (0 events):
No events

Events (0 events):
No events


Dynamic libraries:
0x00007ff76ef80000 - 0x00007ff76ef8a000 	D:\Android Studio\jbr\bin\java.exe
0x00007ffdde030000 - 0x00007ffdde247000 	C:\Windows\SYSTEM32\ntdll.dll
0x00007ffddd7b0000 - 0x00007ffddd874000 	C:\Windows\System32\KERNEL32.DLL
0x00007ffddb9a0000 - 0x00007ffddbd57000 	C:\Windows\System32\KERNELBASE.dll
0x00007ffddb340000 - 0x00007ffddb451000 	C:\Windows\System32\ucrtbase.dll
0x00007ffdcbeb0000 - 0x00007ffdcbec7000 	D:\Android Studio\jbr\bin\jli.dll
0x00007ffdcbd70000 - 0x00007ffdcbd8b000 	D:\Android Studio\jbr\bin\VCRUNTIME140.dll
0x00007ffddde40000 - 0x00007ffdddfef000 	C:\Windows\System32\USER32.dll
0x00007ffddb6c0000 - 0x00007ffddb6e6000 	C:\Windows\System32\win32u.dll
0x00007ffdb5670000 - 0x00007ffdb5903000 	C:\Windows\WinSxS\amd64_microsoft.windows.common-controls_6595b64144ccf1df_6.0.22621.3672_none_2713b9d173822955\COMCTL32.dll
0x00007ffddd910000 - 0x00007ffddd9b7000 	C:\Windows\System32\msvcrt.dll
0x00007ffddd880000 - 0x00007ffddd8a9000 	C:\Windows\System32\GDI32.dll
0x00007ffddb760000 - 0x00007ffddb878000 	C:\Windows\System32\gdi32full.dll
0x00007ffddb880000 - 0x00007ffddb91a000 	C:\Windows\System32\msvcp_win.dll
0x00007ffdddbf0000 - 0x00007ffdddc21000 	C:\Windows\System32\IMM32.DLL
0x00007ffdc9e60000 - 0x00007ffdc9e6c000 	D:\Android Studio\jbr\bin\vcruntime140_1.dll
0x00007ffdb8460000 - 0x00007ffdb84ed000 	D:\Android Studio\jbr\bin\msvcp140.dll
0x00007ffd94620000 - 0x00007ffd952a3000 	D:\Android Studio\jbr\bin\server\jvm.dll
0x00007ffddd490000 - 0x00007ffddd542000 	C:\Windows\System32\ADVAPI32.dll
0x00007ffdddb20000 - 0x00007ffdddbc8000 	C:\Windows\System32\sechost.dll
0x00007ffddb460000 - 0x00007ffddb488000 	C:\Windows\System32\bcrypt.dll
0x00007ffdddc80000 - 0x00007ffdddd94000 	C:\Windows\System32\RPCRT4.dll
0x00007ffddb210000 - 0x00007ffddb25d000 	C:\Windows\SYSTEM32\POWRPROF.dll
0x00007ffdb2530000 - 0x00007ffdb2539000 	C:\Windows\SYSTEM32\WSOCK32.dll
0x00007ffdd70c0000 - 0x00007ffdd70f4000 	C:\Windows\SYSTEM32\WINMM.dll
0x00007ffddc320000 - 0x00007ffddc391000 	C:\Windows\System32\WS2_32.dll
0x00007ffdd2260000 - 0x00007ffdd226a000 	C:\Windows\SYSTEM32\VERSION.dll
0x00007ffddb1f0000 - 0x00007ffddb203000 	C:\Windows\SYSTEM32\UMPDC.dll
0x00007ffdda390000 - 0x00007ffdda3a8000 	C:\Windows\SYSTEM32\kernel.appcore.dll
0x00007ffdd7930000 - 0x00007ffdd793a000 	D:\Android Studio\jbr\bin\jimage.dll
0x00007ffdcb350000 - 0x00007ffdcb582000 	C:\Windows\SYSTEM32\DBGHELP.DLL
0x00007ffddc5e0000 - 0x00007ffddc96e000 	C:\Windows\System32\combase.dll
0x00007ffddd5b0000 - 0x00007ffddd687000 	C:\Windows\System32\OLEAUT32.dll
0x00007ffdd0210000 - 0x00007ffdd0242000 	C:\Windows\SYSTEM32\dbgcore.DLL
0x00007ffddb920000 - 0x00007ffddb99b000 	C:\Windows\System32\bcryptPrimitives.dll
0x00007ffdccbe0000 - 0x00007ffdccc05000 	D:\Android Studio\jbr\bin\java.dll

dbghelp: loaded successfully - version: 4.0.5 - missing functions: none
symbol engine: initialized successfully - sym options: 0x614 - pdb path: .;D:\Android Studio\jbr\bin;C:\Windows\SYSTEM32;C:\Windows\WinSxS\amd64_microsoft.windows.common-controls_6595b64144ccf1df_6.0.22621.3672_none_2713b9d173822955;D:\Android Studio\jbr\bin\server

VM Arguments:
java_command: git4idea.http.GitAskPassApp Username for 'https://github.com': 
java_class_path (initial): D:/Android Studio/plugins/vcs-git/lib/git4idea-rt.jar;D:/Android Studio/lib/externalProcess-rt.jar
Launcher Type: SUN_STANDARD

[Global flags]
     intx CICompilerCount                          = 4                                         {product} {ergonomic}
     uint ConcGCThreads                            = 2                                         {product} {ergonomic}
     uint G1ConcRefinementThreads                  = 8                                         {product} {ergonomic}
   size_t G1HeapRegionSize                         = 2097152                                   {product} {ergonomic}
    uintx GCDrainStackTargetSize                   = 64                                        {product} {ergonomic}
   size_t InitialHeapSize                          = 167772160                                 {product} {ergonomic}
   size_t MarkStackSize                            = 4194304                                   {product} {ergonomic}
   size_t MaxHeapSize                              = 2652897280                                {product} {ergonomic}
   size_t MinHeapDeltaBytes                        = 2097152                                   {product} {ergonomic}
   size_t MinHeapSize                              = 8388608                                   {product} {ergonomic}
    uintx NonNMethodCodeHeapSize                   = 5839372                                {pd product} {ergonomic}
    uintx NonProfiledCodeHeapSize                  = 122909434                              {pd product} {ergonomic}
    uintx ProfiledCodeHeapSize                     = 122909434                              {pd product} {ergonomic}
    uintx ReservedCodeCacheSize                    = 251658240                              {pd product} {ergonomic}
     bool SegmentedCodeCache                       = true                                      {product} {ergonomic}
   size_t SoftMaxHeapSize                          = 2652897280                             {manageable} {ergonomic}
     bool UseCompressedClassPointers               = true                           {product lp64_product} {ergonomic}
     bool UseCompressedOops                        = true                           {product lp64_product} {ergonomic}
     bool UseG1GC                                  = true                                      {product} {ergonomic}
     bool UseLargePagesIndividualAllocation        = false                                  {pd product} {ergonomic}

Logging:
Log output configuration:
 #0: stdout all=warning uptime,level,tags
 #1: stderr all=off uptime,level,tags

Environment Variables:
PATH=C:/Program Files/Git/mingw64/libexec/git-core;C:/Program Files/Git/mingw64/libexec/git-core;C:\Program Files\Git\mingw64\bin;C:\Program Files\Git\usr\bin;C:\Users\Admin\bin;C:\Program Files (x86)\Common Files\Oracle\Java\java8path;C:\Program Files (x86)\Common Files\Oracle\Java\javapath;C:\Windows\system32;C:\Windows;C:\Windows\System32\Wbem;C:\Windows\System32\WindowsPowerShell\v1.0\;C:\Windows\System32\OpenSSH\;C:\Program Files\Microsoft SQL Server\150\Tools\Binn\;C:\Program Files\dotnet\;C:\ProgramData\chocolatey\bin;C:\Program Files\nodejs\;C:\Program Files\Microsoft VS Code\bin;D:\PuTTY\;C:\Program Files\Git\cmd;C:\Users\Admin\AppData\Local\Programs\Python\Python310\Scripts\;C:\Users\Admin\AppData\Local\Programs\Python\Python310\;C:\Program Files\MySQL\MySQL Shell 8.0\bin\;C:\Users\Admin\AppData\Local\Microsoft\WindowsApps;C:\Users\Admin\AppData\Roaming\npm;C:\Users\Admin\.dotnet\tools
USERNAME=Admin
DISPLAY=:0.0
LC_ALL=en_US.UTF-8
TERM=xterm-256color
TMPDIR=C:\Users\Admin\AppData\Local\Temp
OS=Windows_NT
PROCESSOR_IDENTIFIER=AMD64 Family 23 Model 24 Stepping 1, AuthenticAMD
TMP=C:\Users\Admin\AppData\Local\Temp
TEMP=C:\Users\Admin\AppData\Local\Temp



Periodic native trim disabled

JNI global refs:
JNI global refs: 0, weak refs: 0

JNI global refs memory usage: 0, weak refs: 0

Process memory usage:
Resident Set Size: 11740K (0% of 10359048K total physical memory with 322140K free physical memory)

OOME stack traces (most recent first):
Classloader memory used:


---------------  S Y S T E M  ---------------

OS:
 Windows 11 , 64 bit Build 22621 (10.0.22621.3958)
OS uptime: 1 days 16:40 hours

CPU: total 8 (initial active 8) (8 cores per cpu, 2 threads per core) family 23 model 24 stepping 1 microcode 0x0, cx8, cmov, fxsr, ht, mmx, 3dnowpref, sse, sse2, sse3, ssse3, sse4a, sse4.1, sse4.2, popcnt, lzcnt, tsc, tscinvbit, avx, avx2, aes, clmul, bmi1, bmi2, adx, sha, fma, vzeroupper, clflush, clflushopt
Processor Information for all 8 processors :
  Max Mhz: 2100, Current Mhz: 1400, Mhz Limit: 2100

Memory: 4k page, system-wide physical 10116M (314M free)
TotalPageFile size 17995M (AvailPageFile size 147M)
current process WorkingSet (physical memory assigned to process): 11M, peak: 11M
current process commit charge ("private bytes"): 60M, peak: 220M

vm_info: OpenJDK 64-Bit Server VM (17.0.11+0--11852314) for windows-amd64 JRE (17.0.11+0--11852314), built on May 16 2024 21:29:20 by "androidbuild" with MS VC++ 16.10 / 16.11 (VS2019)

END.
